02:25:44.452 [background-preinit] INFO  o.h.v.i.util.Version - [<clinit>,21] - HV000001: Hibernate Validator 6.2.3.Final
02:25:45.465 [main] INFO  c.a.n.c.r.client - [lambda$createClient$0,80] - [RpcClientFactory] create a new rpc client of 8eaabdfb-7e7e-468c-9155-96d9a17b254f_config-0
02:25:45.512 [main] INFO  o.r.Reflections - [scan,232] - Reflections took 24 ms to scan 1 urls, producing 3 keys and 6 values 
02:25:45.544 [main] INFO  o.r.Reflections - [scan,232] - Reflections took 13 ms to scan 1 urls, producing 4 keys and 9 values 
02:25:45.561 [main] INFO  o.r.Reflections - [scan,232] - Reflections took 15 ms to scan 1 urls, producing 3 keys and 10 values 
02:25:45.750 [main] INFO  o.r.Reflections - [scan,232] - Reflections took 187 ms to scan 246 urls, producing 0 keys and 0 values 
02:25:45.764 [main] INFO  o.r.Reflections - [scan,232] - Reflections took 12 ms to scan 1 urls, producing 1 keys and 5 values 
02:25:45.778 [main] INFO  o.r.Reflections - [scan,232] - Reflections took 11 ms to scan 1 urls, producing 1 keys and 7 values 
02:25:45.788 [main] INFO  o.r.Reflections - [scan,232] - Reflections took 9 ms to scan 1 urls, producing 2 keys and 8 values 
02:25:45.933 [main] INFO  o.r.Reflections - [scan,232] - Reflections took 143 ms to scan 246 urls, producing 0 keys and 0 values 
02:25:45.934 [main] INFO  c.a.n.c.r.client - [printIfInfoEnabled,60] - [8eaabdfb-7e7e-468c-9155-96d9a17b254f_config-0] RpcClient init label, labels = {module=config, Vipserver-Tag=null, source=sdk, Amory-Tag=null, Location-Tag=null, taskId=0, AppName=unknown}
02:25:45.934 [main] INFO  c.a.n.c.r.client - [printIfInfoEnabled,60] - [8eaabdfb-7e7e-468c-9155-96d9a17b254f_config-0] Register server push request handler:com.alibaba.nacos.client.config.impl.ClientWorker$ConfigRpcTransportClient$$Lambda$328/2019157894
02:25:45.934 [main] INFO  c.a.n.c.r.client - [printIfInfoEnabled,60] - [8eaabdfb-7e7e-468c-9155-96d9a17b254f_config-0] Register server push request handler:com.alibaba.nacos.client.config.impl.ClientWorker$ConfigRpcTransportClient$$Lambda$329/677217562
02:25:45.935 [main] INFO  c.a.n.c.r.client - [printIfInfoEnabled,60] - [8eaabdfb-7e7e-468c-9155-96d9a17b254f_config-0] Registry connection listener to current client:com.alibaba.nacos.client.config.impl.ClientWorker$ConfigRpcTransportClient$1
02:25:45.936 [main] INFO  c.a.n.c.r.client - [printIfInfoEnabled,60] - [8eaabdfb-7e7e-468c-9155-96d9a17b254f_config-0] RpcClient init, ServerListFactory = com.alibaba.nacos.client.config.impl.ClientWorker$ConfigRpcTransportClient$2
02:25:45.941 [main] INFO  c.a.n.c.r.client - [printIfInfoEnabled,60] - [8eaabdfb-7e7e-468c-9155-96d9a17b254f_config-0] Try to connect to server on start up, server: {serverIp = '127.0.0.1', server main port = 8848}
02:25:47.683 [main] INFO  c.a.n.c.r.client - [printIfInfoEnabled,60] - [8eaabdfb-7e7e-468c-9155-96d9a17b254f_config-0] Success to connect to server [127.0.0.1:8848] on start up, connectionId = 1660458347448_127.0.0.1_54716
02:25:47.683 [com.alibaba.nacos.client.remote.worker] INFO  c.a.n.c.r.client - [printIfInfoEnabled,60] - [8eaabdfb-7e7e-468c-9155-96d9a17b254f_config-0] Notify connected event to listeners.
02:25:47.684 [main] INFO  c.a.n.c.r.client - [printIfInfoEnabled,60] - [8eaabdfb-7e7e-468c-9155-96d9a17b254f_config-0] Register server push request handler:com.alibaba.nacos.common.remote.client.RpcClient$ConnectResetRequestHandler
02:25:47.684 [main] INFO  c.a.n.c.r.client - [printIfInfoEnabled,60] - [8eaabdfb-7e7e-468c-9155-96d9a17b254f_config-0] Register server push request handler:com.alibaba.nacos.common.remote.client.RpcClient$$Lambda$338/1217089772
02:25:47.755 [main] INFO  c.r.s.RuoYiSystemApplication - [logStartupProfileInfo,640] - The following 1 profile is active: "dev"
02:25:50.072 [main] INFO  o.a.c.c.AprLifecycleListener - [log,173] - An older version [1.2.23] of the Apache Tomcat Native library is installed, while Tomcat recommends a minimum version of [1.2.30]
02:25:50.073 [main] INFO  o.a.c.c.AprLifecycleListener - [log,173] - Loaded Apache Tomcat Native library [1.2.23] using APR version [1.7.0].
02:25:50.073 [main] INFO  o.a.c.c.AprLifecycleListener - [log,173] - APR capabilities: IPv6 [true], sendfile [true], accept filters [false], random [true], UDS [false].
02:25:50.073 [main] INFO  o.a.c.c.AprLifecycleListener - [log,173] - APR/OpenSSL configuration: useAprConnector [false], useOpenSSL [true]
02:25:50.077 [main] INFO  o.a.c.c.AprLifecycleListener - [log,173] - OpenSSL successfully initialized [OpenSSL 1.1.1c  28 May 2019]
02:25:50.089 [main] INFO  o.a.c.h.Http11NioProtocol - [log,173] - Initializing ProtocolHandler ["http-nio-9201"]
02:25:50.090 [main] INFO  o.a.c.c.StandardService - [log,173] - Starting service [Tomcat]
02:25:50.090 [main] INFO  o.a.c.c.StandardEngine - [log,173] - Starting Servlet engine: [Apache Tomcat/9.0.65]
02:25:50.257 [main] INFO  o.a.c.c.C.[.[.[/] - [log,173] - Initializing Spring embedded WebApplicationContext
02:25:51.305 [main] INFO  c.a.d.p.DruidDataSource - [init,972] - {dataSource-1,master} inited
02:25:51.307 [main] INFO  c.b.d.d.DynamicRoutingDataSource - [addDataSource,148] - dynamic-datasource - add a datasource named [master] success
02:25:51.307 [main] INFO  c.b.d.d.DynamicRoutingDataSource - [afterPropertiesSet,228] - dynamic-datasource initial loaded [1] datasource,primary datasource named [master]
02:25:54.916 [main] INFO  c.a.c.s.SentinelWebMvcConfigurer - [addInterceptors,52] - [Sentinel Starter] register SentinelWebInterceptor with urlPatterns: [/**].
02:25:55.926 [main] INFO  c.a.n.c.r.client - [lambda$createClient$0,80] - [RpcClientFactory] create a new rpc client of 0f42c790-ca8e-4b53-9dc6-b545b3e66045
02:25:55.927 [main] INFO  c.a.n.c.r.client - [printIfInfoEnabled,60] - [0f42c790-ca8e-4b53-9dc6-b545b3e66045] RpcClient init label, labels = {module=naming, source=sdk}
02:25:55.928 [main] INFO  c.a.n.c.r.client - [printIfInfoEnabled,60] - [0f42c790-ca8e-4b53-9dc6-b545b3e66045] RpcClient init, ServerListFactory = com.alibaba.nacos.client.naming.core.ServerListManager
02:25:55.929 [main] INFO  c.a.n.c.r.client - [printIfInfoEnabled,60] - [0f42c790-ca8e-4b53-9dc6-b545b3e66045] Registry connection listener to current client:com.alibaba.nacos.client.naming.remote.gprc.redo.NamingGrpcRedoService
02:25:55.930 [main] INFO  c.a.n.c.r.client - [printIfInfoEnabled,60] - [0f42c790-ca8e-4b53-9dc6-b545b3e66045] Register server push request handler:com.alibaba.nacos.client.naming.remote.gprc.NamingPushRequestHandler
02:25:55.931 [main] INFO  c.a.n.c.r.client - [printIfInfoEnabled,60] - [0f42c790-ca8e-4b53-9dc6-b545b3e66045] Try to connect to server on start up, server: {serverIp = '127.0.0.1', server main port = 8848}
02:25:56.044 [main] INFO  c.a.n.c.r.client - [printIfInfoEnabled,60] - [0f42c790-ca8e-4b53-9dc6-b545b3e66045] Success to connect to server [127.0.0.1:8848] on start up, connectionId = 1660458355937_127.0.0.1_54753
02:25:56.044 [com.alibaba.nacos.client.remote.worker] INFO  c.a.n.c.r.client - [printIfInfoEnabled,60] - [0f42c790-ca8e-4b53-9dc6-b545b3e66045] Notify connected event to listeners.
02:25:56.044 [main] INFO  c.a.n.c.r.client - [printIfInfoEnabled,60] - [0f42c790-ca8e-4b53-9dc6-b545b3e66045] Register server push request handler:com.alibaba.nacos.common.remote.client.RpcClient$ConnectResetRequestHandler
02:25:56.045 [main] INFO  c.a.n.c.r.client - [printIfInfoEnabled,60] - [0f42c790-ca8e-4b53-9dc6-b545b3e66045] Register server push request handler:com.alibaba.nacos.common.remote.client.RpcClient$$Lambda$338/1217089772
02:25:58.410 [main] INFO  o.a.c.h.Http11NioProtocol - [log,173] - Starting ProtocolHandler ["http-nio-9201"]
02:25:58.435 [main] INFO  c.a.c.n.r.NacosServiceRegistry - [register,75] - nacos registry, DEFAULT_GROUP ruoyi-system 192.168.72.1:9201 register finished
02:25:58.933 [nacos-grpc-client-executor-9] INFO  c.a.n.c.r.client - [printIfInfoEnabled,60] - [0f42c790-ca8e-4b53-9dc6-b545b3e66045] Receive server push request, request = NotifySubscriberRequest, requestId = 2
02:25:58.938 [nacos-grpc-client-executor-9] INFO  c.a.n.c.r.client - [printIfInfoEnabled,60] - [0f42c790-ca8e-4b53-9dc6-b545b3e66045] Ack server push request, request = NotifySubscriberRequest, requestId = 2
02:25:59.540 [main] INFO  c.r.s.RuoYiSystemApplication - [logStarted,61] - Started RuoYiSystemApplication in 16.014 seconds (JVM running for 17.387)
02:25:59.549 [main] INFO  c.a.c.n.r.NacosContextRefresher - [registerNacosListenersForApplications,105] - listening config: dataId=ruoyi-system, group=DEFAULT_GROUP
02:25:59.549 [main] INFO  c.a.c.n.r.NacosContextRefresher - [registerNacosListenersForApplications,105] - listening config: dataId=ruoyi-system.yml, group=DEFAULT_GROUP
02:25:59.550 [main] INFO  c.a.c.n.r.NacosContextRefresher - [registerNacosListenersForApplications,105] - listening config: dataId=ruoyi-system-dev.yml, group=DEFAULT_GROUP
02:26:00.205 [RMI TCP Connection(5)-192.168.72.1] INFO  o.a.c.c.C.[.[.[/] - [log,173] - Initializing Spring DispatcherServlet 'dispatcherServlet'
06:21:30.292 [nacos-grpc-client-executor-687] INFO  c.a.n.c.r.client - [printIfInfoEnabled,60] - [0f42c790-ca8e-4b53-9dc6-b545b3e66045] Receive server push request, request = ClientDetectionRequest, requestId = 21
06:21:30.293 [nacos-grpc-client-executor-687] INFO  c.a.n.c.r.client - [printIfInfoEnabled,60] - [0f42c790-ca8e-4b53-9dc6-b545b3e66045] Ack server push request, request = ClientDetectionRequest, requestId = 21
06:21:30.294 [nacos-grpc-client-executor-672] INFO  c.a.n.c.r.client - [printIfInfoEnabled,60] - [8eaabdfb-7e7e-468c-9155-96d9a17b254f_config-0] Receive server push request, request = ClientDetectionRequest, requestId = 18
06:21:30.295 [nacos-grpc-client-executor-672] INFO  c.a.n.c.r.client - [printIfInfoEnabled,60] - [8eaabdfb-7e7e-468c-9155-96d9a17b254f_config-0] Ack server push request, request = ClientDetectionRequest, requestId = 18
07:29:22.406 [nacos-grpc-client-executor-688] INFO  c.a.n.c.r.client - [printIfInfoEnabled,60] - [0f42c790-ca8e-4b53-9dc6-b545b3e66045] Receive server push request, request = ClientDetectionRequest, requestId = 25
07:29:22.406 [nacos-grpc-client-executor-688] INFO  c.a.n.c.r.client - [printIfInfoEnabled,60] - [0f42c790-ca8e-4b53-9dc6-b545b3e66045] Ack server push request, request = ClientDetectionRequest, requestId = 25
08:06:22.538 [com.alibaba.nacos.client.remote.worker] INFO  c.a.n.c.r.client - [printIfInfoEnabled,60] - [0f42c790-ca8e-4b53-9dc6-b545b3e66045] Try to reconnect to a new server, server is  not appointed, will choose a random server.
08:06:22.538 [com.alibaba.nacos.client.remote.worker] INFO  c.a.n.c.r.client - [printIfInfoEnabled,60] - [8eaabdfb-7e7e-468c-9155-96d9a17b254f_config-0] Try to reconnect to a new server, server is  not appointed, will choose a random server.
08:06:23.817 [lettuce-nioEventLoop-4-1] INFO  i.l.c.p.CommandHandler - [log,217] - null Unexpected exception during request: java.io.IOException: 远程主机强迫关闭了一个现有的连接。
java.io.IOException: 远程主机强迫关闭了一个现有的连接。
	at sun.nio.ch.SocketDispatcher.read0(Native Method)
	at sun.nio.ch.SocketDispatcher.read(SocketDispatcher.java:43)
	at sun.nio.ch.IOUtil.readIntoNativeBuffer(IOUtil.java:223)
	at sun.nio.ch.IOUtil.read(IOUtil.java:192)
	at sun.nio.ch.SocketChannelImpl.read(SocketChannelImpl.java:380)
	at io.netty.buffer.PooledByteBuf.setBytes(PooledByteBuf.java:258)
	at io.netty.buffer.AbstractByteBuf.writeBytes(AbstractByteBuf.java:1132)
	at io.netty.channel.socket.nio.NioSocketChannel.doReadBytes(NioSocketChannel.java:357)
	at io.netty.channel.nio.AbstractNioByteChannel$NioByteUnsafe.read(AbstractNioByteChannel.java:151)
	at io.netty.channel.nio.NioEventLoop.processSelectedKey(NioEventLoop.java:722)
	at io.netty.channel.nio.NioEventLoop.processSelectedKeysOptimized(NioEventLoop.java:658)
	at io.netty.channel.nio.NioEventLoop.processSelectedKeys(NioEventLoop.java:584)
	at io.netty.channel.nio.NioEventLoop.run(NioEventLoop.java:496)
	at io.netty.util.concurrent.SingleThreadEventExecutor$4.run(SingleThreadEventExecutor.java:997)
	at io.netty.util.internal.ThreadExecutorMap$2.run(ThreadExecutorMap.java:74)
	at io.netty.util.concurrent.FastThreadLocalRunnable.run(FastThreadLocalRunnable.java:30)
	at java.lang.Thread.run(Thread.java:748)
08:06:23.817 [lettuce-nioEventLoop-4-2] INFO  i.l.c.p.CommandHandler - [log,217] - null Unexpected exception during request: java.io.IOException: 远程主机强迫关闭了一个现有的连接。
java.io.IOException: 远程主机强迫关闭了一个现有的连接。
	at sun.nio.ch.SocketDispatcher.read0(Native Method)
	at sun.nio.ch.SocketDispatcher.read(SocketDispatcher.java:43)
	at sun.nio.ch.IOUtil.readIntoNativeBuffer(IOUtil.java:223)
	at sun.nio.ch.IOUtil.read(IOUtil.java:192)
	at sun.nio.ch.SocketChannelImpl.read(SocketChannelImpl.java:380)
	at io.netty.buffer.PooledByteBuf.setBytes(PooledByteBuf.java:258)
	at io.netty.buffer.AbstractByteBuf.writeBytes(AbstractByteBuf.java:1132)
	at io.netty.channel.socket.nio.NioSocketChannel.doReadBytes(NioSocketChannel.java:357)
	at io.netty.channel.nio.AbstractNioByteChannel$NioByteUnsafe.read(AbstractNioByteChannel.java:151)
	at io.netty.channel.nio.NioEventLoop.processSelectedKey(NioEventLoop.java:722)
	at io.netty.channel.nio.NioEventLoop.processSelectedKeysOptimized(NioEventLoop.java:658)
	at io.netty.channel.nio.NioEventLoop.processSelectedKeys(NioEventLoop.java:584)
	at io.netty.channel.nio.NioEventLoop.run(NioEventLoop.java:496)
	at io.netty.util.concurrent.SingleThreadEventExecutor$4.run(SingleThreadEventExecutor.java:997)
	at io.netty.util.internal.ThreadExecutorMap$2.run(ThreadExecutorMap.java:74)
	at io.netty.util.concurrent.FastThreadLocalRunnable.run(FastThreadLocalRunnable.java:30)
	at java.lang.Thread.run(Thread.java:748)
08:06:23.914 [lettuce-eventExecutorLoop-1-2] INFO  i.l.c.p.ConnectionWatchdog - [log,171] - Reconnecting, last destination was localhost/127.0.0.1:6379
08:06:23.914 [lettuce-eventExecutorLoop-1-1] INFO  i.l.c.p.ConnectionWatchdog - [log,171] - Reconnecting, last destination was localhost/127.0.0.1:6379
08:06:26.719 [com.alibaba.nacos.client.remote.worker] INFO  c.a.n.c.r.client - [printIfInfoEnabled,60] - [0f42c790-ca8e-4b53-9dc6-b545b3e66045] Fail to connect server, after trying 1 times, last try server is {serverIp = '127.0.0.1', server main port = 8848}, error = unknown
08:06:26.734 [com.alibaba.nacos.client.remote.worker] INFO  c.a.n.c.r.client - [printIfInfoEnabled,60] - [8eaabdfb-7e7e-468c-9155-96d9a17b254f_config-0] Fail to connect server, after trying 1 times, last try server is {serverIp = '127.0.0.1', server main port = 8848}, error = unknown
08:06:28.982 [com.alibaba.nacos.client.remote.worker] INFO  c.a.n.c.r.client - [printIfInfoEnabled,60] - [0f42c790-ca8e-4b53-9dc6-b545b3e66045] Fail to connect server, after trying 2 times, last try server is {serverIp = '127.0.0.1', server main port = 8848}, error = unknown
08:06:29.000 [com.alibaba.nacos.client.remote.worker] INFO  c.a.n.c.r.client - [printIfInfoEnabled,60] - [8eaabdfb-7e7e-468c-9155-96d9a17b254f_config-0] Fail to connect server, after trying 2 times, last try server is {serverIp = '127.0.0.1', server main port = 8848}, error = unknown
08:06:30.204 [lettuce-eventExecutorLoop-1-8] INFO  i.l.c.p.ConnectionWatchdog - [log,171] - Reconnecting, last destination was localhost:6379
08:06:30.204 [lettuce-eventExecutorLoop-1-7] INFO  i.l.c.p.ConnectionWatchdog - [log,171] - Reconnecting, last destination was localhost:6379
08:06:31.052 [SpringApplicationShutdownHook] INFO  c.a.c.n.r.NacosServiceRegistry - [deregister,94] - De-registering from Nacos Server now...
08:06:31.321 [com.alibaba.nacos.client.remote.worker] INFO  c.a.n.c.r.client - [printIfInfoEnabled,60] - [0f42c790-ca8e-4b53-9dc6-b545b3e66045] Fail to connect server, after trying 3 times, last try server is {serverIp = '127.0.0.1', server main port = 8848}, error = unknown
08:06:31.334 [com.alibaba.nacos.client.remote.worker] INFO  c.a.n.c.r.client - [printIfInfoEnabled,60] - [8eaabdfb-7e7e-468c-9155-96d9a17b254f_config-0] Fail to connect server, after trying 3 times, last try server is {serverIp = '127.0.0.1', server main port = 8848}, error = unknown
08:06:31.377 [SpringApplicationShutdownHook] INFO  c.a.c.n.r.NacosServiceRegistry - [deregister,114] - De-registration finished.
08:06:31.707 [SpringApplicationShutdownHook] INFO  c.a.n.c.r.client - [shutdown,454] - Shutdown rpc client, set status to shutdown
08:06:31.707 [SpringApplicationShutdownHook] INFO  c.a.n.c.r.client - [shutdown,456] - Shutdown client event executor java.util.concurrent.ScheduledThreadPoolExecutor@3b1fed82[Running, pool size = 2, active threads = 2, queued tasks = 0, completed tasks = 0]
08:06:31.707 [SpringApplicationShutdownHook] INFO  c.a.n.c.r.client - [closeConnection,591] - Close current connection 1660458355937_127.0.0.1_54753
08:06:31.707 [com.alibaba.nacos.client.remote.worker] INFO  c.a.n.c.r.client - [printIfInfoEnabled,60] - [0f42c790-ca8e-4b53-9dc6-b545b3e66045] Client is shutdown, stop reconnect to server
08:06:31.708 [SpringApplicationShutdownHook] INFO  c.a.n.c.r.c.g.GrpcClient - [shutdown,85] - Shutdown grpc executor java.util.concurrent.ThreadPoolExecutor@5e082e28[Running, pool size = 9, active threads = 0, queued tasks = 0, completed tasks = 1163]
08:06:31.842 [SpringApplicationShutdownHook] INFO  c.b.d.d.DynamicRoutingDataSource - [destroy,205] - dynamic-datasource start closing ....
08:06:31.845 [SpringApplicationShutdownHook] INFO  c.a.d.p.DruidDataSource - [close,2051] - {dataSource-1} closing ...
08:06:31.852 [SpringApplicationShutdownHook] INFO  c.a.d.p.DruidDataSource - [close,2124] - {dataSource-1} closed
08:06:31.852 [SpringApplicationShutdownHook] INFO  c.b.d.d.DynamicRoutingDataSource - [destroy,209] - dynamic-datasource all closed success,bye
