11:29:35.247 [main] INFO  c.a.n.c.r.client - [lambda$createClient$0,80] - [RpcClientFactory] create a new rpc client of ca4fc554-7711-4198-8d01-26af69aa5551_config-0
11:29:35.301 [main] INFO  o.r.Reflections - [scan,232] - Reflections took 38 ms to scan 1 urls, producing 3 keys and 6 values 
11:29:35.325 [main] INFO  o.r.Reflections - [scan,232] - Reflections took 12 ms to scan 1 urls, producing 4 keys and 9 values 
11:29:35.340 [main] INFO  o.r.Reflections - [scan,232] - Reflections took 13 ms to scan 1 urls, producing 3 keys and 10 values 
11:29:35.459 [main] INFO  o.r.Reflections - [scan,232] - Reflections took 117 ms to scan 145 urls, producing 0 keys and 0 values 
11:29:35.475 [main] INFO  o.r.Reflections - [scan,232] - Reflections took 15 ms to scan 1 urls, producing 1 keys and 5 values 
11:29:35.487 [main] INFO  o.r.Reflections - [scan,232] - Reflections took 8 ms to scan 1 urls, producing 1 keys and 7 values 
11:29:35.500 [main] INFO  o.r.Reflections - [scan,232] - Reflections took 10 ms to scan 1 urls, producing 2 keys and 8 values 
11:29:35.604 [main] INFO  o.r.Reflections - [scan,232] - Reflections took 101 ms to scan 145 urls, producing 0 keys and 0 values 
11:29:35.605 [main] INFO  c.a.n.c.r.client - [printIfInfoEnabled,60] - [ca4fc554-7711-4198-8d01-26af69aa5551_config-0] RpcClient init label, labels = {module=config, Vipserver-Tag=null, source=sdk, Amory-Tag=null, Location-Tag=null, taskId=0, AppName=unknown}
11:29:35.606 [main] INFO  c.a.n.c.r.client - [printIfInfoEnabled,60] - [ca4fc554-7711-4198-8d01-26af69aa5551_config-0] Register server push request handler:com.alibaba.nacos.client.config.impl.ClientWorker$ConfigRpcTransportClient$$Lambda$318/1347016882
11:29:35.606 [main] INFO  c.a.n.c.r.client - [printIfInfoEnabled,60] - [ca4fc554-7711-4198-8d01-26af69aa5551_config-0] Register server push request handler:com.alibaba.nacos.client.config.impl.ClientWorker$ConfigRpcTransportClient$$Lambda$319/1829460911
11:29:35.607 [main] INFO  c.a.n.c.r.client - [printIfInfoEnabled,60] - [ca4fc554-7711-4198-8d01-26af69aa5551_config-0] Registry connection listener to current client:com.alibaba.nacos.client.config.impl.ClientWorker$ConfigRpcTransportClient$1
11:29:35.607 [main] INFO  c.a.n.c.r.client - [printIfInfoEnabled,60] - [ca4fc554-7711-4198-8d01-26af69aa5551_config-0] RpcClient init, ServerListFactory = com.alibaba.nacos.client.config.impl.ClientWorker$ConfigRpcTransportClient$2
11:29:35.615 [main] INFO  c.a.n.c.r.client - [printIfInfoEnabled,60] - [ca4fc554-7711-4198-8d01-26af69aa5551_config-0] Try to connect to server on start up, server: {serverIp = '127.0.0.1', server main port = 8848}
11:29:37.540 [main] INFO  c.a.n.c.r.client - [printIfInfoEnabled,60] - [ca4fc554-7711-4198-8d01-26af69aa5551_config-0] Success to connect to server [127.0.0.1:8848] on start up, connectionId = 1660404577340_127.0.0.1_59085
11:29:37.541 [com.alibaba.nacos.client.remote.worker] INFO  c.a.n.c.r.client - [printIfInfoEnabled,60] - [ca4fc554-7711-4198-8d01-26af69aa5551_config-0] Notify connected event to listeners.
11:29:37.541 [main] INFO  c.a.n.c.r.client - [printIfInfoEnabled,60] - [ca4fc554-7711-4198-8d01-26af69aa5551_config-0] Register server push request handler:com.alibaba.nacos.common.remote.client.RpcClient$ConnectResetRequestHandler
11:29:37.541 [main] INFO  c.a.n.c.r.client - [printIfInfoEnabled,60] - [ca4fc554-7711-4198-8d01-26af69aa5551_config-0] Register server push request handler:com.alibaba.nacos.common.remote.client.RpcClient$$Lambda$328/1399225534
11:29:37.623 [main] INFO  c.r.m.m.RuoYiMonitorApplication - [logStartupProfileInfo,640] - The following 1 profile is active: "dev"
11:29:38.935 [main] INFO  o.a.c.c.AprLifecycleListener - [log,173] - An older version [1.2.23] of the Apache Tomcat Native library is installed, while Tomcat recommends a minimum version of [1.2.30]
11:29:38.936 [main] INFO  o.a.c.c.AprLifecycleListener - [log,173] - Loaded Apache Tomcat Native library [1.2.23] using APR version [1.7.0].
11:29:38.936 [main] INFO  o.a.c.c.AprLifecycleListener - [log,173] - APR capabilities: IPv6 [true], sendfile [true], accept filters [false], random [true], UDS [false].
11:29:38.936 [main] INFO  o.a.c.c.AprLifecycleListener - [log,173] - APR/OpenSSL configuration: useAprConnector [false], useOpenSSL [true]
11:29:38.939 [main] INFO  o.a.c.c.AprLifecycleListener - [log,173] - OpenSSL successfully initialized [OpenSSL 1.1.1c  28 May 2019]
11:29:38.945 [main] INFO  o.a.c.h.Http11NioProtocol - [log,173] - Initializing ProtocolHandler ["http-nio-9100"]
11:29:38.946 [main] INFO  o.a.c.c.StandardService - [log,173] - Starting service [Tomcat]
11:29:38.946 [main] INFO  o.a.c.c.StandardEngine - [log,173] - Starting Servlet engine: [Apache Tomcat/9.0.65]
11:29:39.069 [main] INFO  o.a.c.c.C.[.[.[/] - [log,173] - Initializing Spring embedded WebApplicationContext
11:29:39.554 [main] INFO  c.a.c.s.SentinelWebMvcConfigurer - [addInterceptors,52] - [Sentinel Starter] register SentinelWebInterceptor with urlPatterns: [/**].
11:29:40.787 [main] INFO  c.a.n.c.r.client - [lambda$createClient$0,80] - [RpcClientFactory] create a new rpc client of 19c3d58a-163b-440e-8269-f1f1c2ce5dbd
11:29:40.787 [main] INFO  c.a.n.c.r.client - [printIfInfoEnabled,60] - [19c3d58a-163b-440e-8269-f1f1c2ce5dbd] RpcClient init label, labels = {module=naming, source=sdk}
11:29:40.789 [main] INFO  c.a.n.c.r.client - [printIfInfoEnabled,60] - [19c3d58a-163b-440e-8269-f1f1c2ce5dbd] RpcClient init, ServerListFactory = com.alibaba.nacos.client.naming.core.ServerListManager
11:29:40.789 [main] INFO  c.a.n.c.r.client - [printIfInfoEnabled,60] - [19c3d58a-163b-440e-8269-f1f1c2ce5dbd] Registry connection listener to current client:com.alibaba.nacos.client.naming.remote.gprc.redo.NamingGrpcRedoService
11:29:40.790 [main] INFO  c.a.n.c.r.client - [printIfInfoEnabled,60] - [19c3d58a-163b-440e-8269-f1f1c2ce5dbd] Register server push request handler:com.alibaba.nacos.client.naming.remote.gprc.NamingPushRequestHandler
11:29:40.790 [main] INFO  c.a.n.c.r.client - [printIfInfoEnabled,60] - [19c3d58a-163b-440e-8269-f1f1c2ce5dbd] Try to connect to server on start up, server: {serverIp = '127.0.0.1', server main port = 8848}
11:29:40.908 [main] INFO  c.a.n.c.r.client - [printIfInfoEnabled,60] - [19c3d58a-163b-440e-8269-f1f1c2ce5dbd] Success to connect to server [127.0.0.1:8848] on start up, connectionId = 1660404580795_127.0.0.1_59086
11:29:40.908 [main] INFO  c.a.n.c.r.client - [printIfInfoEnabled,60] - [19c3d58a-163b-440e-8269-f1f1c2ce5dbd] Register server push request handler:com.alibaba.nacos.common.remote.client.RpcClient$ConnectResetRequestHandler
11:29:40.909 [com.alibaba.nacos.client.remote.worker] INFO  c.a.n.c.r.client - [printIfInfoEnabled,60] - [19c3d58a-163b-440e-8269-f1f1c2ce5dbd] Notify connected event to listeners.
11:29:40.909 [main] INFO  c.a.n.c.r.client - [printIfInfoEnabled,60] - [19c3d58a-163b-440e-8269-f1f1c2ce5dbd] Register server push request handler:com.alibaba.nacos.common.remote.client.RpcClient$$Lambda$328/1399225534
11:29:42.927 [main] INFO  o.a.c.h.Http11NioProtocol - [log,173] - Starting ProtocolHandler ["http-nio-9100"]
11:29:43.436 [nacos-grpc-client-executor-7] INFO  c.a.n.c.r.client - [printIfInfoEnabled,60] - [19c3d58a-163b-440e-8269-f1f1c2ce5dbd] Receive server push request, request = NotifySubscriberRequest, requestId = 15
11:29:43.438 [nacos-grpc-client-executor-7] INFO  c.a.n.c.r.client - [printIfInfoEnabled,60] - [19c3d58a-163b-440e-8269-f1f1c2ce5dbd] Ack server push request, request = NotifySubscriberRequest, requestId = 15
11:29:43.539 [nacos-grpc-client-executor-8] INFO  c.a.n.c.r.client - [printIfInfoEnabled,60] - [19c3d58a-163b-440e-8269-f1f1c2ce5dbd] Receive server push request, request = NotifySubscriberRequest, requestId = 16
11:29:43.539 [nacos-grpc-client-executor-8] INFO  c.a.n.c.r.client - [printIfInfoEnabled,60] - [19c3d58a-163b-440e-8269-f1f1c2ce5dbd] Ack server push request, request = NotifySubscriberRequest, requestId = 16
11:29:43.591 [main] INFO  c.a.c.n.r.NacosServiceRegistry - [register,75] - nacos registry, DEFAULT_GROUP ruoyi-monitor 192.168.72.1:9100 register finished
11:29:44.185 [nacos-grpc-client-executor-22] INFO  c.a.n.c.r.client - [printIfInfoEnabled,60] - [19c3d58a-163b-440e-8269-f1f1c2ce5dbd] Receive server push request, request = NotifySubscriberRequest, requestId = 17
11:29:44.186 [nacos-grpc-client-executor-22] INFO  c.a.n.c.r.client - [printIfInfoEnabled,60] - [19c3d58a-163b-440e-8269-f1f1c2ce5dbd] Ack server push request, request = NotifySubscriberRequest, requestId = 17
11:29:44.188 [nacos-grpc-client-executor-23] INFO  c.a.n.c.r.client - [printIfInfoEnabled,60] - [19c3d58a-163b-440e-8269-f1f1c2ce5dbd] Receive server push request, request = NotifySubscriberRequest, requestId = 19
11:29:44.188 [nacos-grpc-client-executor-23] INFO  c.a.n.c.r.client - [printIfInfoEnabled,60] - [19c3d58a-163b-440e-8269-f1f1c2ce5dbd] Ack server push request, request = NotifySubscriberRequest, requestId = 19
11:29:44.192 [nacos-grpc-client-executor-24] INFO  c.a.n.c.r.client - [printIfInfoEnabled,60] - [19c3d58a-163b-440e-8269-f1f1c2ce5dbd] Receive server push request, request = NotifySubscriberRequest, requestId = 18
11:29:44.193 [nacos-grpc-client-executor-24] INFO  c.a.n.c.r.client - [printIfInfoEnabled,60] - [19c3d58a-163b-440e-8269-f1f1c2ce5dbd] Ack server push request, request = NotifySubscriberRequest, requestId = 18
11:29:44.195 [nacos-grpc-client-executor-25] INFO  c.a.n.c.r.client - [printIfInfoEnabled,60] - [19c3d58a-163b-440e-8269-f1f1c2ce5dbd] Receive server push request, request = NotifySubscriberRequest, requestId = 20
11:29:44.196 [nacos-grpc-client-executor-25] INFO  c.a.n.c.r.client - [printIfInfoEnabled,60] - [19c3d58a-163b-440e-8269-f1f1c2ce5dbd] Ack server push request, request = NotifySubscriberRequest, requestId = 20
11:29:44.200 [nacos-grpc-client-executor-26] INFO  c.a.n.c.r.client - [printIfInfoEnabled,60] - [19c3d58a-163b-440e-8269-f1f1c2ce5dbd] Receive server push request, request = NotifySubscriberRequest, requestId = 21
11:29:44.202 [nacos-grpc-client-executor-26] INFO  c.a.n.c.r.client - [printIfInfoEnabled,60] - [19c3d58a-163b-440e-8269-f1f1c2ce5dbd] Ack server push request, request = NotifySubscriberRequest, requestId = 21
11:29:44.206 [nacos-grpc-client-executor-27] INFO  c.a.n.c.r.client - [printIfInfoEnabled,60] - [19c3d58a-163b-440e-8269-f1f1c2ce5dbd] Receive server push request, request = NotifySubscriberRequest, requestId = 22
11:29:44.206 [nacos-grpc-client-executor-27] INFO  c.a.n.c.r.client - [printIfInfoEnabled,60] - [19c3d58a-163b-440e-8269-f1f1c2ce5dbd] Ack server push request, request = NotifySubscriberRequest, requestId = 22
11:29:44.421 [main] INFO  c.r.m.m.RuoYiMonitorApplication - [logStarted,61] - Started RuoYiMonitorApplication in 11.364 seconds (JVM running for 13.827)
11:29:44.432 [main] INFO  c.a.c.n.r.NacosContextRefresher - [registerNacosListenersForApplications,105] - listening config: dataId=ruoyi-monitor, group=DEFAULT_GROUP
11:29:44.433 [main] INFO  c.a.c.n.r.NacosContextRefresher - [registerNacosListenersForApplications,105] - listening config: dataId=ruoyi-monitor-dev.yml, group=DEFAULT_GROUP
11:29:44.434 [main] INFO  c.a.c.n.r.NacosContextRefresher - [registerNacosListenersForApplications,105] - listening config: dataId=ruoyi-monitor.yml, group=DEFAULT_GROUP
11:29:44.542 [http-nio-9100-exec-1] INFO  o.a.c.c.C.[.[.[/] - [log,173] - Initializing Spring DispatcherServlet 'dispatcherServlet'
11:45:15.047 [nacos-grpc-client-executor-372] INFO  c.a.n.c.r.client - [printIfInfoEnabled,60] - [19c3d58a-163b-440e-8269-f1f1c2ce5dbd] Receive server push request, request = NotifySubscriberRequest, requestId = 26
11:45:15.049 [nacos-grpc-client-executor-372] INFO  c.a.n.c.r.client - [printIfInfoEnabled,60] - [19c3d58a-163b-440e-8269-f1f1c2ce5dbd] Ack server push request, request = NotifySubscriberRequest, requestId = 26
11:45:15.591 [nacos-grpc-client-executor-374] INFO  c.a.n.c.r.client - [printIfInfoEnabled,60] - [19c3d58a-163b-440e-8269-f1f1c2ce5dbd] Receive server push request, request = NotifySubscriberRequest, requestId = 27
11:45:15.592 [nacos-grpc-client-executor-374] INFO  c.a.n.c.r.client - [printIfInfoEnabled,60] - [19c3d58a-163b-440e-8269-f1f1c2ce5dbd] Ack server push request, request = NotifySubscriberRequest, requestId = 27
11:45:15.702 [nacos-grpc-client-executor-375] INFO  c.a.n.c.r.client - [printIfInfoEnabled,60] - [19c3d58a-163b-440e-8269-f1f1c2ce5dbd] Receive server push request, request = NotifySubscriberRequest, requestId = 28
11:45:15.703 [nacos-grpc-client-executor-375] INFO  c.a.n.c.r.client - [printIfInfoEnabled,60] - [19c3d58a-163b-440e-8269-f1f1c2ce5dbd] Ack server push request, request = NotifySubscriberRequest, requestId = 28
11:45:15.704 [nacos-grpc-client-executor-376] INFO  c.a.n.c.r.client - [printIfInfoEnabled,60] - [19c3d58a-163b-440e-8269-f1f1c2ce5dbd] Receive server push request, request = NotifySubscriberRequest, requestId = 29
11:45:15.705 [nacos-grpc-client-executor-376] INFO  c.a.n.c.r.client - [printIfInfoEnabled,60] - [19c3d58a-163b-440e-8269-f1f1c2ce5dbd] Ack server push request, request = NotifySubscriberRequest, requestId = 29
11:45:15.811 [nacos-grpc-client-executor-377] INFO  c.a.n.c.r.client - [printIfInfoEnabled,60] - [19c3d58a-163b-440e-8269-f1f1c2ce5dbd] Receive server push request, request = NotifySubscriberRequest, requestId = 31
11:45:15.813 [nacos-grpc-client-executor-377] INFO  c.a.n.c.r.client - [printIfInfoEnabled,60] - [19c3d58a-163b-440e-8269-f1f1c2ce5dbd] Ack server push request, request = NotifySubscriberRequest, requestId = 31
11:45:15.814 [nacos-grpc-client-executor-378] INFO  c.a.n.c.r.client - [printIfInfoEnabled,60] - [19c3d58a-163b-440e-8269-f1f1c2ce5dbd] Receive server push request, request = NotifySubscriberRequest, requestId = 30
11:45:15.815 [nacos-grpc-client-executor-378] INFO  c.a.n.c.r.client - [printIfInfoEnabled,60] - [19c3d58a-163b-440e-8269-f1f1c2ce5dbd] Ack server push request, request = NotifySubscriberRequest, requestId = 30
11:45:17.366 [SpringApplicationShutdownHook] INFO  c.a.c.n.r.NacosServiceRegistry - [deregister,94] - De-registering from Nacos Server now...
11:45:17.373 [SpringApplicationShutdownHook] INFO  c.a.c.n.r.NacosServiceRegistry - [deregister,114] - De-registration finished.
11:45:17.707 [SpringApplicationShutdownHook] INFO  c.a.n.c.r.client - [shutdown,454] - Shutdown rpc client, set status to shutdown
11:45:17.708 [SpringApplicationShutdownHook] INFO  c.a.n.c.r.client - [shutdown,456] - Shutdown client event executor java.util.concurrent.ScheduledThreadPoolExecutor@6c552879[Running, pool size = 2, active threads = 2, queued tasks = 0, completed tasks = 0]
11:45:17.708 [SpringApplicationShutdownHook] INFO  c.a.n.c.r.client - [closeConnection,591] - Close current connection 1660404580795_127.0.0.1_59086
11:45:17.709 [nacos-grpc-client-executor-380] INFO  c.a.n.c.r.c.g.GrpcClient - [printIfInfoEnabled,60] - [1660404580795_127.0.0.1_59086]Ignore complete event,isRunning:false,isAbandon=false
11:45:17.711 [SpringApplicationShutdownHook] INFO  c.a.n.c.r.c.g.GrpcClient - [shutdown,85] - Shutdown grpc executor java.util.concurrent.ThreadPoolExecutor@58f408a[Running, pool size = 12, active threads = 0, queued tasks = 0, completed tasks = 381]
