11:28:22.860 [background-preinit] INFO  o.h.v.i.util.Version - [<clinit>,21] - HV000001: Hibernate Validator 6.2.3.Final
11:28:23.806 [main] INFO  c.a.n.c.r.client - [lambda$createClient$0,80] - [RpcClientFactory] create a new rpc client of 72e58174-0bbd-4031-93eb-168140850312_config-0
11:28:23.856 [main] INFO  o.r.Reflections - [scan,232] - Reflections took 29 ms to scan 1 urls, producing 3 keys and 6 values 
11:28:23.884 [main] INFO  o.r.Reflections - [scan,232] - Reflections took 12 ms to scan 1 urls, producing 4 keys and 9 values 
11:28:23.896 [main] INFO  o.r.Reflections - [scan,232] - Reflections took 10 ms to scan 1 urls, producing 3 keys and 10 values 
11:28:24.058 [main] INFO  o.r.Reflections - [scan,232] - Reflections took 157 ms to scan 201 urls, producing 0 keys and 0 values 
11:28:24.068 [main] INFO  o.r.Reflections - [scan,232] - Reflections took 9 ms to scan 1 urls, producing 1 keys and 5 values 
11:28:24.078 [main] INFO  o.r.Reflections - [scan,232] - Reflections took 9 ms to scan 1 urls, producing 1 keys and 7 values 
11:28:24.093 [main] INFO  o.r.Reflections - [scan,232] - Reflections took 12 ms to scan 1 urls, producing 2 keys and 8 values 
11:28:24.239 [main] INFO  o.r.Reflections - [scan,232] - Reflections took 144 ms to scan 201 urls, producing 0 keys and 0 values 
11:28:24.240 [main] INFO  c.a.n.c.r.client - [printIfInfoEnabled,60] - [72e58174-0bbd-4031-93eb-168140850312_config-0] RpcClient init label, labels = {module=config, Vipserver-Tag=null, source=sdk, Amory-Tag=null, Location-Tag=null, taskId=0, AppName=unknown}
11:28:24.240 [main] INFO  c.a.n.c.r.client - [printIfInfoEnabled,60] - [72e58174-0bbd-4031-93eb-168140850312_config-0] Register server push request handler:com.alibaba.nacos.client.config.impl.ClientWorker$ConfigRpcTransportClient$$Lambda$328/50720817
11:28:24.240 [main] INFO  c.a.n.c.r.client - [printIfInfoEnabled,60] - [72e58174-0bbd-4031-93eb-168140850312_config-0] Register server push request handler:com.alibaba.nacos.client.config.impl.ClientWorker$ConfigRpcTransportClient$$Lambda$329/1496220730
11:28:24.241 [main] INFO  c.a.n.c.r.client - [printIfInfoEnabled,60] - [72e58174-0bbd-4031-93eb-168140850312_config-0] Registry connection listener to current client:com.alibaba.nacos.client.config.impl.ClientWorker$ConfigRpcTransportClient$1
11:28:24.241 [main] INFO  c.a.n.c.r.client - [printIfInfoEnabled,60] - [72e58174-0bbd-4031-93eb-168140850312_config-0] RpcClient init, ServerListFactory = com.alibaba.nacos.client.config.impl.ClientWorker$ConfigRpcTransportClient$2
11:28:24.247 [main] INFO  c.a.n.c.r.client - [printIfInfoEnabled,60] - [72e58174-0bbd-4031-93eb-168140850312_config-0] Try to connect to server on start up, server: {serverIp = '127.0.0.1', server main port = 8848}
11:28:26.104 [main] INFO  c.a.n.c.r.client - [printIfInfoEnabled,60] - [72e58174-0bbd-4031-93eb-168140850312_config-0] Success to connect to server [127.0.0.1:8848] on start up, connectionId = 1660404505877_127.0.0.1_58800
11:28:26.105 [com.alibaba.nacos.client.remote.worker] INFO  c.a.n.c.r.client - [printIfInfoEnabled,60] - [72e58174-0bbd-4031-93eb-168140850312_config-0] Notify connected event to listeners.
11:28:26.106 [main] INFO  c.a.n.c.r.client - [printIfInfoEnabled,60] - [72e58174-0bbd-4031-93eb-168140850312_config-0] Register server push request handler:com.alibaba.nacos.common.remote.client.RpcClient$ConnectResetRequestHandler
11:28:26.106 [main] INFO  c.a.n.c.r.client - [printIfInfoEnabled,60] - [72e58174-0bbd-4031-93eb-168140850312_config-0] Register server push request handler:com.alibaba.nacos.common.remote.client.RpcClient$$Lambda$338/704869156
11:28:26.176 [main] INFO  c.r.f.RuoYiFileApplication - [logStartupProfileInfo,640] - The following 1 profile is active: "dev"
11:28:28.444 [main] INFO  o.a.c.c.AprLifecycleListener - [log,173] - An older version [1.2.23] of the Apache Tomcat Native library is installed, while Tomcat recommends a minimum version of [1.2.30]
11:28:28.444 [main] INFO  o.a.c.c.AprLifecycleListener - [log,173] - Loaded Apache Tomcat Native library [1.2.23] using APR version [1.7.0].
11:28:28.444 [main] INFO  o.a.c.c.AprLifecycleListener - [log,173] - APR capabilities: IPv6 [true], sendfile [true], accept filters [false], random [true], UDS [false].
11:28:28.444 [main] INFO  o.a.c.c.AprLifecycleListener - [log,173] - APR/OpenSSL configuration: useAprConnector [false], useOpenSSL [true]
11:28:28.448 [main] INFO  o.a.c.c.AprLifecycleListener - [log,173] - OpenSSL successfully initialized [OpenSSL 1.1.1c  28 May 2019]
11:28:28.456 [main] INFO  o.a.c.h.Http11NioProtocol - [log,173] - Initializing ProtocolHandler ["http-nio-9300"]
11:28:28.457 [main] INFO  o.a.c.c.StandardService - [log,173] - Starting service [Tomcat]
11:28:28.457 [main] INFO  o.a.c.c.StandardEngine - [log,173] - Starting Servlet engine: [Apache Tomcat/9.0.65]
11:28:28.596 [main] INFO  o.a.c.c.C.[.[.[/] - [log,173] - Initializing Spring embedded WebApplicationContext
11:28:29.712 [main] INFO  c.a.c.s.SentinelWebMvcConfigurer - [addInterceptors,52] - [Sentinel Starter] register SentinelWebInterceptor with urlPatterns: [/**].
11:28:30.398 [main] INFO  c.a.n.c.r.client - [lambda$createClient$0,80] - [RpcClientFactory] create a new rpc client of 1661c53e-df20-42b3-b3bf-8bc5db13a23f
11:28:30.398 [main] INFO  c.a.n.c.r.client - [printIfInfoEnabled,60] - [1661c53e-df20-42b3-b3bf-8bc5db13a23f] RpcClient init label, labels = {module=naming, source=sdk}
11:28:30.400 [main] INFO  c.a.n.c.r.client - [printIfInfoEnabled,60] - [1661c53e-df20-42b3-b3bf-8bc5db13a23f] RpcClient init, ServerListFactory = com.alibaba.nacos.client.naming.core.ServerListManager
11:28:30.400 [main] INFO  c.a.n.c.r.client - [printIfInfoEnabled,60] - [1661c53e-df20-42b3-b3bf-8bc5db13a23f] Registry connection listener to current client:com.alibaba.nacos.client.naming.remote.gprc.redo.NamingGrpcRedoService
11:28:30.400 [main] INFO  c.a.n.c.r.client - [printIfInfoEnabled,60] - [1661c53e-df20-42b3-b3bf-8bc5db13a23f] Register server push request handler:com.alibaba.nacos.client.naming.remote.gprc.NamingPushRequestHandler
11:28:30.401 [main] INFO  c.a.n.c.r.client - [printIfInfoEnabled,60] - [1661c53e-df20-42b3-b3bf-8bc5db13a23f] Try to connect to server on start up, server: {serverIp = '127.0.0.1', server main port = 8848}
11:28:30.519 [main] INFO  c.a.n.c.r.client - [printIfInfoEnabled,60] - [1661c53e-df20-42b3-b3bf-8bc5db13a23f] Success to connect to server [127.0.0.1:8848] on start up, connectionId = 1660404510405_127.0.0.1_58805
11:28:30.519 [com.alibaba.nacos.client.remote.worker] INFO  c.a.n.c.r.client - [printIfInfoEnabled,60] - [1661c53e-df20-42b3-b3bf-8bc5db13a23f] Notify connected event to listeners.
11:28:30.519 [main] INFO  c.a.n.c.r.client - [printIfInfoEnabled,60] - [1661c53e-df20-42b3-b3bf-8bc5db13a23f] Register server push request handler:com.alibaba.nacos.common.remote.client.RpcClient$ConnectResetRequestHandler
11:28:30.519 [main] INFO  c.a.n.c.r.client - [printIfInfoEnabled,60] - [1661c53e-df20-42b3-b3bf-8bc5db13a23f] Register server push request handler:com.alibaba.nacos.common.remote.client.RpcClient$$Lambda$338/704869156
11:28:32.026 [main] INFO  o.a.c.h.Http11NioProtocol - [log,173] - Starting ProtocolHandler ["http-nio-9300"]
11:28:32.063 [main] INFO  c.a.c.n.r.NacosServiceRegistry - [register,75] - nacos registry, DEFAULT_GROUP ruoyi-file 192.168.72.1:9300 register finished
11:28:32.572 [nacos-grpc-client-executor-6] INFO  c.a.n.c.r.client - [printIfInfoEnabled,60] - [1661c53e-df20-42b3-b3bf-8bc5db13a23f] Receive server push request, request = NotifySubscriberRequest, requestId = 9
11:28:32.576 [nacos-grpc-client-executor-6] INFO  c.a.n.c.r.client - [printIfInfoEnabled,60] - [1661c53e-df20-42b3-b3bf-8bc5db13a23f] Ack server push request, request = NotifySubscriberRequest, requestId = 9
11:28:32.892 [main] INFO  c.r.f.RuoYiFileApplication - [logStarted,61] - Started RuoYiFileApplication in 11.107 seconds (JVM running for 14.066)
11:28:32.904 [main] INFO  c.a.c.n.r.NacosContextRefresher - [registerNacosListenersForApplications,105] - listening config: dataId=ruoyi-file-dev.yml, group=DEFAULT_GROUP
11:28:32.905 [main] INFO  c.a.c.n.r.NacosContextRefresher - [registerNacosListenersForApplications,105] - listening config: dataId=ruoyi-file, group=DEFAULT_GROUP
11:28:32.906 [main] INFO  c.a.c.n.r.NacosContextRefresher - [registerNacosListenersForApplications,105] - listening config: dataId=ruoyi-file.yml, group=DEFAULT_GROUP
11:28:33.102 [RMI TCP Connection(3)-192.168.72.1] INFO  o.a.c.c.C.[.[.[/] - [log,173] - Initializing Spring DispatcherServlet 'dispatcherServlet'
11:45:15.151 [SpringApplicationShutdownHook] INFO  c.a.c.n.r.NacosServiceRegistry - [deregister,94] - De-registering from Nacos Server now...
11:45:15.154 [SpringApplicationShutdownHook] INFO  c.a.c.n.r.NacosServiceRegistry - [deregister,114] - De-registration finished.
11:45:15.485 [SpringApplicationShutdownHook] INFO  c.a.n.c.r.client - [shutdown,454] - Shutdown rpc client, set status to shutdown
11:45:15.488 [SpringApplicationShutdownHook] INFO  c.a.n.c.r.client - [shutdown,456] - Shutdown client event executor java.util.concurrent.ScheduledThreadPoolExecutor@75d661b0[Running, pool size = 2, active threads = 2, queued tasks = 0, completed tasks = 0]
11:45:15.489 [SpringApplicationShutdownHook] INFO  c.a.n.c.r.client - [closeConnection,591] - Close current connection 1660404510405_127.0.0.1_58805
11:45:15.490 [nacos-grpc-client-executor-217] INFO  c.a.n.c.r.c.g.GrpcClient - [printIfInfoEnabled,60] - [1660404510405_127.0.0.1_58805]Ignore complete event,isRunning:false,isAbandon=false
11:45:15.492 [SpringApplicationShutdownHook] INFO  c.a.n.c.r.c.g.GrpcClient - [shutdown,85] - Shutdown grpc executor java.util.concurrent.ThreadPoolExecutor@2d3fce37[Running, pool size = 5, active threads = 0, queued tasks = 0, completed tasks = 218]
